<?xml version="1.0" encoding="UTF-8"?>
<!-- Generated by org.testng.reporters.JUnitXMLReporter -->
<testsuite ignored="0" hostname="PUN-LAP-BOTCHA" failures="0" tests="26" name="Test" time="172.102" errors="0" timestamp="2023-03-01T21:33:09 IST">
  <testcase classname="StepDefinition.logoClass" name="open_your_logo_website" time="56.827"/>
  <testcase classname="StepDefinition.logoClass" name="click_on_shop_now" time="57.425"/>
  <testcase classname="StepDefinition.logoClass" name="click_on_sign_in" time="2.853"/>
  <testcase classname="StepDefinition.logoClass" name="enter_email_address" time="2.129"/>
  <testcase classname="StepDefinition.logoClass" name="enter_password" time="2.072"/>
  <testcase classname="StepDefinition.logoClass" name="enable_click_on_remember_me" time="2.046"/>
  <testcase classname="StepDefinition.logoClass" name="click_on_login" time="3.105"/>
  <testcase classname="StepDefinition.logoClass" name="click_on_shop_by_product" time="4.608"/>
  <testcase classname="StepDefinition.logoClass" name="click_on_office_and_technology" time="2.095"/>
  <testcase classname="StepDefinition.logoClass" name="click_on_tech_accessories" time="2.106"/>
  <testcase classname="StepDefinition.logoClass" name="click_on_charges_and_power_banks" time="4.713"/>
  <testcase classname="StepDefinition.logoClass" name="choose_showing_count" time="6.224"/>
  <testcase classname="StepDefinition.logoClass" name="choose_display_mode" time="2.233"/>
  <testcase classname="StepDefinition.logoClass" name="select_black_color" time="2.12"/>
  <testcase classname="StepDefinition.logoClass" name="select_white_color" time="2.091"/>
  <testcase classname="StepDefinition.logoClass" name="selcet_price_mode" time="2.124"/>
  <testcase classname="StepDefinition.logoClass" name="choose_color_mode" time="2.109"/>
  <testcase classname="StepDefinition.logoClass" name="click_on_image" time="3.786"/>
  <testcase classname="StepDefinition.logoClass" name="choose_white_color" time="2.117"/>
  <testcase classname="StepDefinition.logoClass" name="make_mouse_action_on_image" time="4.884"/>
  <testcase classname="StepDefinition.logoClass" name="choose_quantity" time="2.072"/>
  <testcase classname="StepDefinition.logoClass" name="write_ask_a_question" time="2.156"/>
  <testcase classname="StepDefinition.logoClass" name="sort_by_version" time="0.089"/>
  <testcase classname="StepDefinition.testNG" name="AfMethod" time="0.001"/>
  <testcase classname="StepDefinition.testNG" name="BfMethod" time="0.0"/>
  <testcase classname="StepDefinition.testNG" name="Demo" time="0.001"/>
</testsuite> <!-- Test -->
